\BOOKMARK [0][-]{chapter.1}{Impressum}{}
\BOOKMARK [0][-]{chapter.2}{Vorworte}{}
\BOOKMARK [1][-]{section.2.1}{Vorwort zur 4. Auflage}{chapter.2}
\BOOKMARK [1][-]{section.2.2}{Vorwort der Autoren zur vierten Auflage}{chapter.2}
\BOOKMARK [1][-]{section.2.3}{Vorwort zur Neuauflage}{chapter.2}
\BOOKMARK [0][-]{chapter.3}{Einf\374hrung - Was ist Content-Management?}{}
\BOOKMARK [1][-]{section.3.1}{Freiheit und Unabh\344ngigkeit}{chapter.3}
\BOOKMARK [1][-]{section.3.2}{Zuverl\344ssigkeit}{chapter.3}
\BOOKMARK [1][-]{section.3.3}{Zusammenarbeit}{chapter.3}
\BOOKMARK [1][-]{section.3.4}{Sicherheit}{chapter.3}
\BOOKMARK [0][-]{chapter.4}{Tutorien}{}
\BOOKMARK [0][-]{chapter.5}{Grundlagen von Plone}{}
\BOOKMARK [1][-]{section.5.1}{Artikel}{chapter.5}
\BOOKMARK [1][-]{section.5.2}{Ansichten}{chapter.5}
\BOOKMARK [1][-]{section.5.3}{Benutzer}{chapter.5}
\BOOKMARK [0][-]{chapter.6}{Aussehen der Plone-Oberfl\344che}{}
\BOOKMARK [1][-]{section.6.1}{Kopf}{chapter.6}
\BOOKMARK [1][-]{section.6.2}{Inhaltsbereich}{chapter.6}
\BOOKMARK [1][-]{section.6.3}{Seitenspalten}{chapter.6}
\BOOKMARK [1][-]{section.6.4}{Fu\337}{chapter.6}
\BOOKMARK [0][-]{chapter.7}{Arbeiten mit Plone}{}
\BOOKMARK [1][-]{section.7.1}{Rundgang}{chapter.7}
\BOOKMARK [1][-]{section.7.2}{Umgang mit Seiten}{chapter.7}
\BOOKMARK [1][-]{section.7.3}{Umgang mit Ordnern}{chapter.7}
\BOOKMARK [1][-]{section.7.4}{Ver\366ffentlichung von Artikeln}{chapter.7}
\BOOKMARK [0][-]{chapter.8}{Artikeltypen}{}
\BOOKMARK [1][-]{section.8.1}{Gemeinsamkeiten}{chapter.8}
\BOOKMARK [1][-]{section.8.2}{Seite}{chapter.8}
\BOOKMARK [1][-]{section.8.3}{Nachricht}{chapter.8}
\BOOKMARK [1][-]{section.8.4}{Termin}{chapter.8}
\BOOKMARK [1][-]{section.8.5}{Bild}{chapter.8}
\BOOKMARK [1][-]{section.8.6}{Datei}{chapter.8}
\BOOKMARK [1][-]{section.8.7}{Link und Lesezeichen}{chapter.8}
\BOOKMARK [1][-]{section.8.8}{Ordner}{chapter.8}
\BOOKMARK [1][-]{section.8.9}{Kollektion}{chapter.8}
\BOOKMARK [0][-]{chapter.9}{Umgang mit Artikeln}{}
\BOOKMARK [1][-]{section.9.1}{Artikel in der Website}{chapter.9}
\BOOKMARK [1][-]{section.9.2}{Versionierung}{chapter.9}
\BOOKMARK [1][-]{section.9.3}{Arbeitsabl\344ufe}{chapter.9}
\BOOKMARK [1][-]{section.9.4}{Status}{chapter.9}
\BOOKMARK [1][-]{section.9.5}{Arbeitskopien}{chapter.9}
\BOOKMARK [1][-]{section.9.6}{Kommentare}{chapter.9}
\BOOKMARK [1][-]{section.9.7}{Syndizierung}{chapter.9}
\BOOKMARK [0][-]{chapter.10}{Benutzer, Funktionen und Gruppen}{}
\BOOKMARK [1][-]{section.10.1}{Benutzer registrieren}{chapter.10}
\BOOKMARK [1][-]{section.10.2}{Angemeldete Benutzer}{chapter.10}
\BOOKMARK [1][-]{section.10.3}{Gruppen}{chapter.10}
\BOOKMARK [1][-]{section.10.4}{Funktionen}{chapter.10}
\BOOKMARK [0][-]{chapter.11}{Benutzungsoberfl\344che}{}
\BOOKMARK [1][-]{section.11.1}{Artikelansichten}{chapter.11}
\BOOKMARK [1][-]{section.11.2}{Navigation}{chapter.11}
\BOOKMARK [1][-]{section.11.3}{Portlets}{chapter.11}
\BOOKMARK [1][-]{section.11.4}{Verweise im Seitenkopf}{chapter.11}
\BOOKMARK [1][-]{section.11.5}{Der Editor Kupu}{chapter.11}
\BOOKMARK [0][-]{section*.46}{Stichwortverzeichnis}{}
