This is pdfTeXk, Version 3.1415926-1.40.9 (Web2C 7.5.7) (format=pdflatex 2009.11.10)  3 APR 2010 18:19
entering extended mode
 %&-line parsing enabled.
**PloneBenutzerhandbuch.tex
(./PloneBenutzerhandbuch.tex
LaTeX2e <2005/12/01>
Babel <v3.8l> and hyphenation patterns for english, usenglishmax, dumylang, noh
yphenation, german-x-2008-06-18, ngerman-x-2008-06-18, ancientgreek, ibycus, ar
abic, basque, bulgarian, catalan, pinyin, coptic, croatian, czech, danish, dutc
h, esperanto, estonian, farsi, finnish, french, galician, german, ngerman, mono
greek, greek, hungarian, icelandic, indonesian, interlingua, irish, italian, la
tin, lithuanian, mongolian, mongolian2a, bokmal, nynorsk, polish, portuguese, r
omanian, russian, sanskrit, serbian, slovak, slovenian, spanish, swedish, turki
sh, ukenglish, ukrainian, uppersorbian, welsh, loaded.
(./manual.cls
Document Class: manual 2008/10/18 Document class (Sphinx manual)
(/usr/local/texlive/2008/texmf-dist/tex/latex/base/report.cls
Document Class: report 2005/09/16 v1.4f Standard LaTeX document class
(/usr/local/texlive/2008/texmf-dist/tex/latex/base/size12.clo
File: size12.clo 2005/09/16 v1.4f Standard LaTeX file (size option)
)
\c@part=\count79
\c@chapter=\count80
\c@section=\count81
\c@subsection=\count82
\c@subsubsection=\count83
\c@paragraph=\count84
\c@subparagraph=\count85
\c@figure=\count86
\c@table=\count87
\abovecaptionskip=\skip41
\belowcaptionskip=\skip42
\bibindent=\dimen102
))
(/usr/local/texlive/2008/texmf-dist/tex/latex/base/inputenc.sty
Package: inputenc 2006/05/05 v1.1b Input encoding file
\inpenc@prehook=\toks14
\inpenc@posthook=\toks15

(/usr/local/texlive/2008/texmf-dist/tex/latex/base/utf8.def
File: utf8.def 2006/03/30 v1.1i UTF-8 support for inputenc
Now handling font encoding OML ...
... no UTF-8 mapping file for font encoding OML
Now handling font encoding T1 ...
... processing UTF-8 mapping file for font encodingT1

(/usr/local/texlive/2008/texmf-dist/tex/latex/base/t1enc.dfu
File: t1enc.dfu 2006/03/30 v1.1i UTF-8 support for inputenc
   defining Unicode char U+00A1 (decimal 161)
   defining Unicode char U+00A3 (decimal 163)
   defining Unicode char U+00AB (decimal 171)
   defining Unicode char U+00BB (decimal 187)
   defining Unicode char U+00BF (decimal 191)
   defining Unicode char U+00C0 (decimal 192)
   defining Unicode char U+00C1 (decimal 193)
   defining Unicode char U+00C2 (decimal 194)
   defining Unicode char U+00C3 (decimal 195)
   defining Unicode char U+00C4 (decimal 196)
   defining Unicode char U+00C5 (decimal 197)
   defining Unicode char U+00C6 (decimal 198)
   defining Unicode char U+00C7 (decimal 199)
   defining Unicode char U+00C8 (decimal 200)
   defining Unicode char U+00C9 (decimal 201)
   defining Unicode char U+00CA (decimal 202)
   defining Unicode char U+00CB (decimal 203)
   defining Unicode char U+00CC (decimal 204)
   defining Unicode char U+00CD (decimal 205)
   defining Unicode char U+00CE (decimal 206)
   defining Unicode char U+00CF (decimal 207)
   defining Unicode char U+00D0 (decimal 208)
   defining Unicode char U+00D1 (decimal 209)
   defining Unicode char U+00D2 (decimal 210)
   defining Unicode char U+00D3 (decimal 211)
   defining Unicode char U+00D4 (decimal 212)
   defining Unicode char U+00D5 (decimal 213)
   defining Unicode char U+00D6 (decimal 214)
   defining Unicode char U+00D8 (decimal 216)
   defining Unicode char U+00D9 (decimal 217)
   defining Unicode char U+00DA (decimal 218)
   defining Unicode char U+00DB (decimal 219)
   defining Unicode char U+00DC (decimal 220)
   defining Unicode char U+00DD (decimal 221)
   defining Unicode char U+00DE (decimal 222)
   defining Unicode char U+00DF (decimal 223)
   defining Unicode char U+00E0 (decimal 224)
   defining Unicode char U+00E1 (decimal 225)
   defining Unicode char U+00E2 (decimal 226)
   defining Unicode char U+00E3 (decimal 227)
   defining Unicode char U+00E4 (decimal 228)
   defining Unicode char U+00E5 (decimal 229)
   defining Unicode char U+00E6 (decimal 230)
   defining Unicode char U+00E7 (decimal 231)
   defining Unicode char U+00E8 (decimal 232)
   defining Unicode char U+00E9 (decimal 233)
   defining Unicode char U+00EA (decimal 234)
   defining Unicode char U+00EB (decimal 235)
   defining Unicode char U+00EC (decimal 236)
   defining Unicode char U+00ED (decimal 237)
   defining Unicode char U+00EE (decimal 238)
   defining Unicode char U+00EF (decimal 239)
   defining Unicode char U+00F0 (decimal 240)
   defining Unicode char U+00F1 (decimal 241)
   defining Unicode char U+00F2 (decimal 242)
   defining Unicode char U+00F3 (decimal 243)
   defining Unicode char U+00F4 (decimal 244)
   defining Unicode char U+00F5 (decimal 245)
   defining Unicode char U+00F6 (decimal 246)
   defining Unicode char U+00F8 (decimal 248)
   defining Unicode char U+00F9 (decimal 249)
   defining Unicode char U+00FA (decimal 250)
   defining Unicode char U+00FB (decimal 251)
   defining Unicode char U+00FC (decimal 252)
   defining Unicode char U+00FD (decimal 253)
   defining Unicode char U+00FE (decimal 254)
   defining Unicode char U+00FF (decimal 255)
   defining Unicode char U+0102 (decimal 258)
   defining Unicode char U+0103 (decimal 259)
   defining Unicode char U+0104 (decimal 260)
   defining Unicode char U+0105 (decimal 261)
   defining Unicode char U+0106 (decimal 262)
   defining Unicode char U+0107 (decimal 263)
   defining Unicode char U+010C (decimal 268)
   defining Unicode char U+010D (decimal 269)
   defining Unicode char U+010E (decimal 270)
   defining Unicode char U+010F (decimal 271)
   defining Unicode char U+0110 (decimal 272)
   defining Unicode char U+0111 (decimal 273)
   defining Unicode char U+0118 (decimal 280)
   defining Unicode char U+0119 (decimal 281)
   defining Unicode char U+011A (decimal 282)
   defining Unicode char U+011B (decimal 283)
   defining Unicode char U+011E (decimal 286)
   defining Unicode char U+011F (decimal 287)
   defining Unicode char U+0130 (decimal 304)
   defining Unicode char U+0131 (decimal 305)
   defining Unicode char U+0132 (decimal 306)
   defining Unicode char U+0133 (decimal 307)
   defining Unicode char U+0139 (decimal 313)
   defining Unicode char U+013A (decimal 314)
   defining Unicode char U+013D (decimal 317)
   defining Unicode char U+013E (decimal 318)
   defining Unicode char U+0141 (decimal 321)
   defining Unicode char U+0142 (decimal 322)
   defining Unicode char U+0143 (decimal 323)
   defining Unicode char U+0144 (decimal 324)
   defining Unicode char U+0147 (decimal 327)
   defining Unicode char U+0148 (decimal 328)
   defining Unicode char U+014A (decimal 330)
   defining Unicode char U+014B (decimal 331)
   defining Unicode char U+0150 (decimal 336)
   defining Unicode char U+0151 (decimal 337)
   defining Unicode char U+0152 (decimal 338)
   defining Unicode char U+0153 (decimal 339)
   defining Unicode char U+0154 (decimal 340)
   defining Unicode char U+0155 (decimal 341)
   defining Unicode char U+0158 (decimal 344)
   defining Unicode char U+0159 (decimal 345)
   defining Unicode char U+015A (decimal 346)
   defining Unicode char U+015B (decimal 347)
   defining Unicode char U+015E (decimal 350)
   defining Unicode char U+015F (decimal 351)
   defining Unicode char U+0160 (decimal 352)
   defining Unicode char U+0161 (decimal 353)
   defining Unicode char U+0162 (decimal 354)
   defining Unicode char U+0163 (decimal 355)
   defining Unicode char U+0164 (decimal 356)
   defining Unicode char U+0165 (decimal 357)
   defining Unicode char U+016E (decimal 366)
   defining Unicode char U+016F (decimal 367)
   defining Unicode char U+0170 (decimal 368)
   defining Unicode char U+0171 (decimal 369)
   defining Unicode char U+0178 (decimal 376)
   defining Unicode char U+0179 (decimal 377)
   defining Unicode char U+017A (decimal 378)
   defining Unicode char U+017B (decimal 379)
   defining Unicode char U+017C (decimal 380)
   defining Unicode char U+017D (decimal 381)
   defining Unicode char U+017E (decimal 382)
   defining Unicode char U+200C (decimal 8204)
   defining Unicode char U+2013 (decimal 8211)
   defining Unicode char U+2014 (decimal 8212)
   defining Unicode char U+2018 (decimal 8216)
   defining Unicode char U+2019 (decimal 8217)
   defining Unicode char U+201A (decimal 8218)
   defining Unicode char U+201C (decimal 8220)
   defining Unicode char U+201D (decimal 8221)
   defining Unicode char U+201E (decimal 8222)
   defining Unicode char U+2030 (decimal 8240)
   defining Unicode char U+2031 (decimal 8241)
   defining Unicode char U+2039 (decimal 8249)
   defining Unicode char U+203A (decimal 8250)
   defining Unicode char U+2423 (decimal 9251)
)
Now handling font encoding OT1 ...
... processing UTF-8 mapping file for font encodingOT1

(/usr/local/texlive/2008/texmf-dist/tex/latex/base/ot1enc.dfu
File: ot1enc.dfu 2006/03/30 v1.1i UTF-8 support for inputenc
   defining Unicode char U+00A1 (decimal 161)
   defining Unicode char U+00A3 (decimal 163)
   defining Unicode char U+00B8 (decimal 184)
   defining Unicode char U+00BF (decimal 191)
   defining Unicode char U+00C5 (decimal 197)
   defining Unicode char U+00C6 (decimal 198)
   defining Unicode char U+00D8 (decimal 216)
   defining Unicode char U+00DF (decimal 223)
   defining Unicode char U+00E6 (decimal 230)
   defining Unicode char U+00EC (decimal 236)
   defining Unicode char U+00ED (decimal 237)
   defining Unicode char U+00EE (decimal 238)
   defining Unicode char U+00EF (decimal 239)
   defining Unicode char U+00F8 (decimal 248)
   defining Unicode char U+0131 (decimal 305)
   defining Unicode char U+0141 (decimal 321)
   defining Unicode char U+0142 (decimal 322)
   defining Unicode char U+0152 (decimal 338)
   defining Unicode char U+0153 (decimal 339)
   defining Unicode char U+2013 (decimal 8211)
   defining Unicode char U+2014 (decimal 8212)
   defining Unicode char U+2018 (decimal 8216)
   defining Unicode char U+2019 (decimal 8217)
   defining Unicode char U+201C (decimal 8220)
   defining Unicode char U+201D (decimal 8221)
)
Now handling font encoding OMS ...
... processing UTF-8 mapping file for font encodingOMS

(/usr/local/texlive/2008/texmf-dist/tex/latex/base/omsenc.dfu
File: omsenc.dfu 2006/03/30 v1.1i UTF-8 support for inputenc
   defining Unicode char U+00A7 (decimal 167)
   defining Unicode char U+00B6 (decimal 182)
   defining Unicode char U+00B7 (decimal 183)
   defining Unicode char U+2020 (decimal 8224)
   defining Unicode char U+2021 (decimal 8225)
   defining Unicode char U+2022 (decimal 8226)
)
Now handling font encoding OMX ...
... no UTF-8 mapping file for font encoding OMX
Now handling font encoding U ...
... no UTF-8 mapping file for font encoding U
   defining Unicode char U+00A9 (decimal 169)
   defining Unicode char U+00AA (decimal 170)
   defining Unicode char U+00AE (decimal 174)
   defining Unicode char U+00BA (decimal 186)
   defining Unicode char U+02C6 (decimal 710)
   defining Unicode char U+02DC (decimal 732)
   defining Unicode char U+200C (decimal 8204)
   defining Unicode char U+2026 (decimal 8230)
   defining Unicode char U+2122 (decimal 8482)
   defining Unicode char U+2423 (decimal 9251)
))
(/usr/local/texlive/2008/texmf-dist/tex/latex/base/fontenc.sty
Package: fontenc 2005/09/27 v1.99g Standard LaTeX package

(/usr/local/texlive/2008/texmf-dist/tex/latex/base/t1enc.def
File: t1enc.def 2005/09/27 v1.99g Standard LaTeX file
LaTeX Font Info:    Redeclaring font encoding T1 on input line 43.
))
(/usr/local/texlive/2008/texmf-dist/tex/generic/babel/babel.sty
Package: babel 2008/07/06 v3.8l The Babel package

(/usr/local/texlive/2008/texmf-dist/tex/generic/babel/ngermanb.ldf
Language: ngermanb 2008/07/06 v2.6n new German support from the babel system

(/usr/local/texlive/2008/texmf-dist/tex/generic/babel/babel.def
File: babel.def 2008/07/06 v3.8l Babel common definitions
\babel@savecnt=\count88
\U@D=\dimen103
)
\l@naustrian = a dialect from \language\l@ngerman 
Package babel Info: Making " an active character on input line 92.
))
(/usr/local/texlive/2008/texmf-dist/tex/latex/psnfss/times.sty
Package: times 2005/04/12 PSNFSS-v9.2a (SPQR) 
) (./fncychap.sty
Package: fncychap 2007/07/30 v1.34 LaTeX package (Revised chapters)
\RW=\skip43
\mylen=\skip44
\myhi=\skip45
\px=\skip46
\py=\skip47
\pyy=\skip48
\pxx=\skip49
) (/usr/local/texlive/2008/texmf-dist/tex/latex/tools/longtable.sty
Package: longtable 2004/02/01 v4.11 Multi-page Table package (DPC)
\LTleft=\skip50
\LTright=\skip51
\LTpre=\skip52
\LTpost=\skip53
\LTchunksize=\count89
\LTcapwidth=\dimen104
\LT@head=\box26
\LT@firsthead=\box27
\LT@foot=\box28
\LT@lastfoot=\box29
\LT@cols=\count90
\LT@rows=\count91
\c@LT@tables=\count92
\c@LT@chunks=\count93
\LT@p@ftn=\toks16
)
(./sphinx.sty
Package: sphinx 2008/05/01 LaTeX package (Sphinx markup)
 (/usr/local/texlive/2008/texmf-dist/tex/latex/base/textcomp.sty
Package: textcomp 2005/09/27 v1.99g Standard LaTeX package
Package textcomp Info: Sub-encoding information:
(textcomp)               5 = only ISO-Adobe without \textcurrency
(textcomp)               4 = 5 + \texteuro
(textcomp)               3 = 4 + \textohm
(textcomp)               2 = 3 + \textestimated + \textcurrency
(textcomp)               1 = TS1 - \textcircled - \t
(textcomp)               0 = TS1 (full)
(textcomp)             Font families with sub-encoding setting implement
(textcomp)             only a restricted character set as indicated.
(textcomp)             Family '?' is the default used for unknown fonts.
(textcomp)             See the documentation for details.
Package textcomp Info: Setting ? sub-encoding to TS1/1 on input line 71.

(/usr/local/texlive/2008/texmf-dist/tex/latex/base/ts1enc.def
File: ts1enc.def 2001/06/05 v3.0e (jk/car/fm) Standard LaTeX file
Now handling font encoding TS1 ...
... processing UTF-8 mapping file for font encoding TS1

(/usr/local/texlive/2008/texmf-dist/tex/latex/base/ts1enc.dfu
File: ts1enc.dfu 2006/03/30 v1.1i UTF-8 support for inputenc
   defining Unicode char U+00A2 (decimal 162)
   defining Unicode char U+00A3 (decimal 163)
   defining Unicode char U+00A4 (decimal 164)
   defining Unicode char U+00A5 (decimal 165)
   defining Unicode char U+00A6 (decimal 166)
   defining Unicode char U+00A7 (decimal 167)
   defining Unicode char U+00A8 (decimal 168)
   defining Unicode char U+00A9 (decimal 169)
   defining Unicode char U+00AA (decimal 170)
   defining Unicode char U+00AC (decimal 172)
   defining Unicode char U+00AE (decimal 174)
   defining Unicode char U+00AF (decimal 175)
   defining Unicode char U+00B0 (decimal 176)
   defining Unicode char U+00B1 (decimal 177)
   defining Unicode char U+00B2 (decimal 178)
   defining Unicode char U+00B3 (decimal 179)
   defining Unicode char U+00B4 (decimal 180)
   defining Unicode char U+00B5 (decimal 181)
   defining Unicode char U+00B6 (decimal 182)
   defining Unicode char U+00B7 (decimal 183)
   defining Unicode char U+00B9 (decimal 185)
   defining Unicode char U+00BA (decimal 186)
   defining Unicode char U+00BC (decimal 188)
   defining Unicode char U+00BD (decimal 189)
   defining Unicode char U+00BE (decimal 190)
   defining Unicode char U+00D7 (decimal 215)
   defining Unicode char U+00F7 (decimal 247)
   defining Unicode char U+0192 (decimal 402)
   defining Unicode char U+02C7 (decimal 711)
   defining Unicode char U+02D8 (decimal 728)
   defining Unicode char U+02DD (decimal 733)
   defining Unicode char U+0E3F (decimal 3647)
   defining Unicode char U+2016 (decimal 8214)
   defining Unicode char U+2020 (decimal 8224)
   defining Unicode char U+2021 (decimal 8225)
   defining Unicode char U+2022 (decimal 8226)
   defining Unicode char U+2030 (decimal 8240)
   defining Unicode char U+2031 (decimal 8241)
   defining Unicode char U+203B (decimal 8251)
   defining Unicode char U+203D (decimal 8253)
   defining Unicode char U+2044 (decimal 8260)
   defining Unicode char U+204E (decimal 8270)
   defining Unicode char U+2052 (decimal 8274)
   defining Unicode char U+20A1 (decimal 8353)
   defining Unicode char U+20A4 (decimal 8356)
   defining Unicode char U+20A6 (decimal 8358)
   defining Unicode char U+20A9 (decimal 8361)
   defining Unicode char U+20AB (decimal 8363)
   defining Unicode char U+20AC (decimal 8364)
   defining Unicode char U+20B1 (decimal 8369)
   defining Unicode char U+2103 (decimal 8451)
   defining Unicode char U+2116 (decimal 8470)
   defining Unicode char U+2117 (decimal 8471)
   defining Unicode char U+211E (decimal 8478)
   defining Unicode char U+2120 (decimal 8480)
   defining Unicode char U+2122 (decimal 8482)
   defining Unicode char U+2126 (decimal 8486)
   defining Unicode char U+2127 (decimal 8487)
   defining Unicode char U+212E (decimal 8494)
   defining Unicode char U+2190 (decimal 8592)
   defining Unicode char U+2191 (decimal 8593)
   defining Unicode char U+2192 (decimal 8594)
   defining Unicode char U+2193 (decimal 8595)
   defining Unicode char U+2329 (decimal 9001)
   defining Unicode char U+232A (decimal 9002)
   defining Unicode char U+2422 (decimal 9250)
   defining Unicode char U+25E6 (decimal 9702)
   defining Unicode char U+25EF (decimal 9711)
   defining Unicode char U+266A (decimal 9834)
))
LaTeX Info: Redefining \oldstylenums on input line 266.
Package textcomp Info: Setting cmr sub-encoding to TS1/0 on input line 281.
Package textcomp Info: Setting cmss sub-encoding to TS1/0 on input line 282.
Package textcomp Info: Setting cmtt sub-encoding to TS1/0 on input line 283.
Package textcomp Info: Setting cmvtt sub-encoding to TS1/0 on input line 284.
Package textcomp Info: Setting cmbr sub-encoding to TS1/0 on input line 285.
Package textcomp Info: Setting cmtl sub-encoding to TS1/0 on input line 286.
Package textcomp Info: Setting ccr sub-encoding to TS1/0 on input line 287.
Package textcomp Info: Setting ptm sub-encoding to TS1/4 on input line 288.
Package textcomp Info: Setting pcr sub-encoding to TS1/4 on input line 289.
Package textcomp Info: Setting phv sub-encoding to TS1/4 on input line 290.
Package textcomp Info: Setting ppl sub-encoding to TS1/3 on input line 291.
Package textcomp Info: Setting pag sub-encoding to TS1/4 on input line 292.
Package textcomp Info: Setting pbk sub-encoding to TS1/4 on input line 293.
Package textcomp Info: Setting pnc sub-encoding to TS1/4 on input line 294.
Package textcomp Info: Setting pzc sub-encoding to TS1/4 on input line 295.
Package textcomp Info: Setting bch sub-encoding to TS1/4 on input line 296.
Package textcomp Info: Setting put sub-encoding to TS1/5 on input line 297.
Package textcomp Info: Setting uag sub-encoding to TS1/5 on input line 298.
Package textcomp Info: Setting ugq sub-encoding to TS1/5 on input line 299.
Package textcomp Info: Setting ul8 sub-encoding to TS1/4 on input line 300.
Package textcomp Info: Setting ul9 sub-encoding to TS1/4 on input line 301.
Package textcomp Info: Setting augie sub-encoding to TS1/5 on input line 302.
Package textcomp Info: Setting dayrom sub-encoding to TS1/3 on input line 303.
Package textcomp Info: Setting dayroms sub-encoding to TS1/3 on input line 304.

Package textcomp Info: Setting pxr sub-encoding to TS1/0 on input line 305.
Package textcomp Info: Setting pxss sub-encoding to TS1/0 on input line 306.
Package textcomp Info: Setting pxtt sub-encoding to TS1/0 on input line 307.
Package textcomp Info: Setting txr sub-encoding to TS1/0 on input line 308.
Package textcomp Info: Setting txss sub-encoding to TS1/0 on input line 309.
Package textcomp Info: Setting txtt sub-encoding to TS1/0 on input line 310.
Package textcomp Info: Setting futs sub-encoding to TS1/4 on input line 311.
Package textcomp Info: Setting futx sub-encoding to TS1/4 on input line 312.
Package textcomp Info: Setting futj sub-encoding to TS1/4 on input line 313.
Package textcomp Info: Setting hlh sub-encoding to TS1/3 on input line 314.
Package textcomp Info: Setting hls sub-encoding to TS1/3 on input line 315.
Package textcomp Info: Setting hlst sub-encoding to TS1/3 on input line 316.
Package textcomp Info: Setting hlct sub-encoding to TS1/5 on input line 317.
Package textcomp Info: Setting hlx sub-encoding to TS1/5 on input line 318.
Package textcomp Info: Setting hlce sub-encoding to TS1/5 on input line 319.
Package textcomp Info: Setting hlcn sub-encoding to TS1/5 on input line 320.
Package textcomp Info: Setting hlcw sub-encoding to TS1/5 on input line 321.
Package textcomp Info: Setting hlcf sub-encoding to TS1/5 on input line 322.
Package textcomp Info: Setting pplx sub-encoding to TS1/3 on input line 323.
Package textcomp Info: Setting pplj sub-encoding to TS1/3 on input line 324.
Package textcomp Info: Setting ptmx sub-encoding to TS1/4 on input line 325.
Package textcomp Info: Setting ptmj sub-encoding to TS1/4 on input line 326.
)
(/usr/local/texlive/2008/texmf-dist/tex/latex/fancyhdr/fancyhdr.sty
\fancy@headwidth=\skip54
\f@ncyO@elh=\skip55
\f@ncyO@erh=\skip56
\f@ncyO@olh=\skip57
\f@ncyO@orh=\skip58
\f@ncyO@elf=\skip59
\f@ncyO@erf=\skip60
\f@ncyO@olf=\skip61
\f@ncyO@orf=\skip62
)
(/usr/local/texlive/2008/texmf-dist/tex/latex/fancybox/fancybox.sty
Package: fancybox 2000/09/19 1.3

Style option: `fancybox' v1.3 <2000/09/19> (tvz)
\@fancybox=\box30
\shadowsize=\dimen105
\@Sbox=\box31
\do@VerbBox=\toks17
\the@fancyput=\toks18
\this@fancyput=\toks19
\EndVerbatimTokens=\toks20
\Verbatim@Outfile=\write3
\Verbatim@Infile=\read1
) (/usr/local/texlive/2008/texmf-dist/tex/latex/titlesec/titlesec.sty
Package: titlesec 2007/08/12 v2.8 Sectioning titles
\ttl@box=\box32
\beforetitleunit=\skip63
\aftertitleunit=\skip64
\ttl@plus=\dimen106
\ttl@minus=\dimen107
\ttl@toksa=\toks21
\titlewidth=\dimen108
\titlewidthlast=\dimen109
\titlewidthfirst=\dimen110
)
(./tabulary.sty
Package: tabulary 2007/10/02 v0.9 tabulary package (DPC)
 (/usr/local/texlive/2008/texmf-dist/tex/latex/tools/array.sty
Package: array 2005/08/23 v2.4b Tabular extension package (FMi)
\col@sep=\dimen111
\extrarowheight=\dimen112
\NC@list=\toks22
\extratabsurround=\skip65
\backup@length=\skip66
)
\TY@count=\count94
\TY@linewidth=\dimen113
\tymin=\dimen114
\tymax=\dimen115
\TY@tablewidth=\dimen116
) (/usr/local/texlive/2008/texmf-dist/tex/latex/amsmath/amsmath.sty
Package: amsmath 2000/07/18 v2.13 AMS math features
\@mathmargin=\skip67

For additional information on amsmath, use the `?' option.
(/usr/local/texlive/2008/texmf-dist/tex/latex/amsmath/amstext.sty
Package: amstext 2000/06/29 v2.01

(/usr/local/texlive/2008/texmf-dist/tex/latex/amsmath/amsgen.sty
File: amsgen.sty 1999/11/30 v2.0
\@emptytoks=\toks23
\ex@=\dimen117
))
(/usr/local/texlive/2008/texmf-dist/tex/latex/amsmath/amsbsy.sty
Package: amsbsy 1999/11/29 v1.2d
\pmbraise@=\dimen118
)
(/usr/local/texlive/2008/texmf-dist/tex/latex/amsmath/amsopn.sty
Package: amsopn 1999/12/14 v2.01 operator names
)
\inf@bad=\count95
LaTeX Info: Redefining \frac on input line 211.
\uproot@=\count96
\leftroot@=\count97
LaTeX Info: Redefining \overline on input line 307.
\classnum@=\count98
\DOTSCASE@=\count99
LaTeX Info: Redefining \ldots on input line 379.
LaTeX Info: Redefining \dots on input line 382.
LaTeX Info: Redefining \cdots on input line 467.
\Mathstrutbox@=\box33
\strutbox@=\box34
\big@size=\dimen119
LaTeX Font Info:    Redeclaring font encoding OML on input line 567.
LaTeX Font Info:    Redeclaring font encoding OMS on input line 568.
\macc@depth=\count100
\c@MaxMatrixCols=\count101
\dotsspace@=\muskip10
\c@parentequation=\count102
\dspbrk@lvl=\count103
\tag@help=\toks24
\row@=\count104
\column@=\count105
\maxfields@=\count106
\andhelp@=\toks25
\eqnshift@=\dimen120
\alignsep@=\dimen121
\tagshift@=\dimen122
\tagwidth@=\dimen123
\totwidth@=\dimen124
\lineht@=\dimen125
\@envbody=\toks26
\multlinegap=\skip68
\multlinetaggap=\skip69
\mathdisplay@stack=\toks27
LaTeX Info: Redefining \[ on input line 2666.
LaTeX Info: Redefining \] on input line 2667.
)
(/usr/local/texlive/2008/texmf-dist/tex/latex/base/makeidx.sty
Package: makeidx 2000/03/29 v1.0m Standard LaTeX package
)
(/usr/local/texlive/2008/texmf-dist/tex/latex/ltxmisc/framed.sty
Package: framed 2007/10/04 v 0.95: framed or shaded text with page breaks
\fb@frw=\dimen126
\fb@frh=\dimen127
\FrameRule=\dimen128
\FrameSep=\dimen129
)
(/usr/local/texlive/2008/texmf-dist/tex/latex/graphics/color.sty
Package: color 2005/11/14 v1.0j Standard LaTeX Color (DPC)

(/usr/local/texlive/2008/texmf/tex/latex/config/color.cfg
File: color.cfg 2007/01/18 v1.5 color configuration of teTeX/TeXLive
)
Package color Info: Driver file: pdftex.def on input line 130.

(/usr/local/texlive/2008/texmf-dist/tex/latex/pdftex-def/pdftex.def
File: pdftex.def 2008/09/08 v0.04l Graphics/color for pdfTeX
\Gread@gobject=\count107
))
(/usr/local/texlive/2008/texmf-dist/tex/latex/fancyvrb/fancyvrb.sty
Package: fancyvrb 2008/02/07

Style option: `fancyvrb' v2.7a, with DG/SPQR fixes, and firstline=lastline fix 
<2008/02/07> (tvz)
(/usr/local/texlive/2008/texmf-dist/tex/latex/graphics/keyval.sty
Package: keyval 1999/03/16 v1.13 key=value parser (DPC)
\KV@toks@=\toks28
)
\FV@CodeLineNo=\count108
\FV@InFile=\read2
\FV@TabBox=\box35
\c@FancyVerbLine=\count109
\FV@StepNumber=\count110
\FV@OutFile=\write4
)
(/usr/local/texlive/2008/texmf-dist/tex/latex/ltxmisc/threeparttable.sty
Package: threeparttable 2003/06/13  v 3.0
\@tempboxb=\box36
)
(/usr/local/texlive/2008/texmf-dist/tex/latex/mdwtools/footnote.sty
Package: footnote 1997/01/28 1.13 Save footnotes around boxes
\fn@notes=\box37
\fn@width=\dimen130
)
(/usr/local/texlive/2008/texmf-dist/tex/latex/wrapfig/wrapfig.sty
\wrapoverhang=\dimen131
\WF@size=\dimen132
\c@WF@wrappedlines=\count111
\WF@box=\box38
\WF@everypar=\toks29
Package: wrapfig 2003/01/31  v 3.6
)
(/usr/local/texlive/2008/texmf-dist/tex/latex/ltxmisc/parskip.sty
Package: parskip 2001/04/09 non-zero parskip adjustments
)
(/usr/local/texlive/2008/texmf-dist/tex/latex/graphics/graphicx.sty
Package: graphicx 1999/02/16 v1.0f Enhanced LaTeX Graphics (DPC,SPQR)

(/usr/local/texlive/2008/texmf-dist/tex/latex/graphics/graphics.sty
Package: graphics 2006/02/20 v1.0o Standard LaTeX Graphics (DPC,SPQR)

(/usr/local/texlive/2008/texmf-dist/tex/latex/graphics/trig.sty
Package: trig 1999/03/16 v1.09 sin cos tan (DPC)
)
(/usr/local/texlive/2008/texmf/tex/latex/config/graphics.cfg
File: graphics.cfg 2007/01/18 v1.5 graphics configuration of teTeX/TeXLive
)
Package graphics Info: Driver file: pdftex.def on input line 90.
)
\Gin@req@height=\dimen133
\Gin@req@width=\dimen134
)
(/usr/local/texlive/2008/texmf-dist/tex/plain/misc/pdfcolor.tex)
\distancetoright=\skip70
\leftsidespace=\skip71
\py@argswidth=\skip72
\py@noticelength=\skip73
\lineblockindentation=\skip74
\image@box=\box39
\image@width=\dimen135

(/usr/local/texlive/2008/texmf-dist/tex/latex/hyperref/hyperref.sty
Package: hyperref 2009/02/22 v6.78p Hypertext links for LaTeX

(/usr/local/texlive/2008/texmf-dist/tex/generic/oberdiek/ifpdf.sty
Package: ifpdf 2007/12/12 v1.6 Provides the ifpdf switch (HO)
Package ifpdf Info: pdfTeX in pdf mode detected.
)
(/usr/local/texlive/2008/texmf-dist/tex/generic/oberdiek/ifvtex.sty
Package: ifvtex 2008/11/04 v1.4 Switches for detecting VTeX and its modes (HO)
Package ifvtex Info: VTeX not detected.
)
(/usr/local/texlive/2008/texmf-dist/tex/generic/ifxetex/ifxetex.sty
Package: ifxetex 2009/01/23 v0.5 Provides ifxetex conditional
)
(/usr/local/texlive/2008/texmf-dist/tex/latex/oberdiek/hycolor.sty
Package: hycolor 2008/09/08 v1.4 Code for color options of hyperref/bookmark (H
O)

(/usr/local/texlive/2008/texmf-dist/tex/latex/oberdiek/xcolor-patch.sty
Package: xcolor-patch 2008/09/08 xcolor patch
))
\@linkdim=\dimen136
\Hy@linkcounter=\count112
\Hy@pagecounter=\count113

(/usr/local/texlive/2008/texmf-dist/tex/latex/hyperref/pd1enc.def
File: pd1enc.def 2009/02/22 v6.78p Hyperref: PDFDocEncoding definition (HO)
Now handling font encoding PD1 ...
... no UTF-8 mapping file for font encoding PD1
)
(/usr/local/texlive/2008/texmf-dist/tex/generic/oberdiek/etexcmds.sty
Package: etexcmds 2007/12/12 v1.2 Prefix for e-TeX command names (HO)

(/usr/local/texlive/2008/texmf-dist/tex/generic/oberdiek/infwarerr.sty
Package: infwarerr 2007/09/09 v1.2 Providing info/warning/message (HO)
)
Package etexcmds Info: Could not find \expanded.
(etexcmds)             That can mean that you are not using pdfTeX 1.50 or
(etexcmds)             that some package has redefined \expanded.
(etexcmds)             In the latter case, load this package earlier.
)
(/usr/local/texlive/2008/texmf/tex/latex/config/hyperref.cfg
File: hyperref.cfg 2002/06/06 v1.2 hyperref configuration of TeXLive
)
(/usr/local/texlive/2008/texmf-dist/tex/latex/oberdiek/kvoptions.sty
Package: kvoptions 2007/10/18 v3.0 Keyval support for LaTeX options (HO)
)
Package hyperref Info: Option `colorlinks' set `true' on input line 2824.
Package hyperref Info: Option `breaklinks' set `true' on input line 2824.


Package hyperref Warning: Option `pagecolor' is not available anymore.

Package hyperref Info: Hyper figures OFF on input line 2935.
Package hyperref Info: Link nesting OFF on input line 2940.
Package hyperref Info: Hyper index ON on input line 2943.
Package hyperref Info: Plain pages OFF on input line 2950.
Package hyperref Info: Backreferencing OFF on input line 2955.
Implicit mode ON; LaTeX internals redefined
Package hyperref Info: Bookmarks ON on input line 3145.
(/usr/local/texlive/2008/texmf-dist/tex/latex/ltxmisc/url.sty
\Urlmuskip=\muskip11
Package: url 2006/04/12  ver 3.3  Verb mode for urls, etc.
)
LaTeX Info: Redefining \url on input line 3382.

(/usr/local/texlive/2008/texmf-dist/tex/generic/oberdiek/bitset.sty
Package: bitset 2007/09/28 v1.0 Data type bit set (HO)

(/usr/local/texlive/2008/texmf-dist/tex/generic/oberdiek/intcalc.sty
Package: intcalc 2007/09/27 v1.1 Expandable integer calculations (HO)
)
(/usr/local/texlive/2008/texmf-dist/tex/generic/oberdiek/bigintcalc.sty
Package: bigintcalc 2007/11/11 v1.1 Expandable big integer calculations (HO)

(/usr/local/texlive/2008/texmf-dist/tex/generic/oberdiek/pdftexcmds.sty
Package: pdftexcmds 2007/12/12 v0.3 LuaTeX support for pdfTeX utility functions
 (HO)
Package pdftexcmds Info: LuaTeX not detected on input line 139.
)))
(/usr/local/texlive/2008/texmf-dist/tex/generic/oberdiek/kvsetkeys.sty
Package: kvsetkeys 2007/09/29 v1.3 Key value parser with default handler suppor
t (HO)
)
\Fld@menulength=\count114
\Field@Width=\dimen137
\Fld@charsize=\dimen138
\Field@toks=\toks30
Package hyperref Info: Hyper figures OFF on input line 4299.
Package hyperref Info: Link nesting OFF on input line 4304.
Package hyperref Info: Hyper index ON on input line 4307.
Package hyperref Info: backreferencing OFF on input line 4314.
Package hyperref Info: Link coloring ON on input line 4317.
Package hyperref Info: Link coloring with OCG OFF on input line 4324.
Package hyperref Info: PDF/A mode OFF on input line 4329.

(/usr/local/texlive/2008/texmf-dist/tex/generic/oberdiek/atbegshi.sty
Package: atbegshi 2008/07/31 v1.9 At begin shipout hook (HO)
)
\Hy@abspage=\count115
\c@Item=\count116
\c@Hfootnote=\count117
)
*hyperref using default driver hpdftex*
(/usr/local/texlive/2008/texmf-dist/tex/latex/hyperref/hpdftex.def
File: hpdftex.def 2009/02/22 v6.78p Hyperref driver for pdfTeX
\Fld@listcount=\count118
))
\@indexfile=\write5
\openout5 = `PloneBenutzerhandbuch.idx'.


Writing index file PloneBenutzerhandbuch.idx
\modindexfile=\write6
(./PloneBenutzerhandbuch.aux)
\openout1 = `PloneBenutzerhandbuch.aux'.

LaTeX Font Info:    Checking defaults for OML/cmm/m/it on input line 104.
LaTeX Font Info:    ... okay on input line 104.
LaTeX Font Info:    Checking defaults for T1/cmr/m/n on input line 104.
LaTeX Font Info:    ... okay on input line 104.
LaTeX Font Info:    Checking defaults for OT1/cmr/m/n on input line 104.
LaTeX Font Info:    ... okay on input line 104.
LaTeX Font Info:    Checking defaults for OMS/cmsy/m/n on input line 104.
LaTeX Font Info:    ... okay on input line 104.
LaTeX Font Info:    Checking defaults for OMX/cmex/m/n on input line 104.
LaTeX Font Info:    ... okay on input line 104.
LaTeX Font Info:    Checking defaults for U/cmr/m/n on input line 104.
LaTeX Font Info:    ... okay on input line 104.
LaTeX Font Info:    Checking defaults for TS1/cmr/m/n on input line 104.
LaTeX Font Info:    Try loading font information for TS1+cmr on input line 104.


(/usr/local/texlive/2008/texmf-dist/tex/latex/base/ts1cmr.fd
File: ts1cmr.fd 1999/05/25 v2.5h Standard LaTeX font definitions
)
LaTeX Font Info:    ... okay on input line 104.
LaTeX Font Info:    Checking defaults for PD1/pdf/m/n on input line 104.
LaTeX Font Info:    ... okay on input line 104.
LaTeX Font Info:    Try loading font information for T1+ptm on input line 104.

(/usr/local/texlive/2008/texmf-dist/tex/latex/psnfss/t1ptm.fd
File: t1ptm.fd 2001/06/04 font definitions for T1/ptm.
)
(/usr/local/texlive/2008/texmf-dist/tex/context/base/supp-pdf.tex
[Loading MPS to PDF converter (version 2006.09.02).]
\scratchcounter=\count119
\scratchdimen=\dimen139
\scratchbox=\box40
\nofMPsegments=\count120
\nofMParguments=\count121
\everyMPshowfont=\toks31
\MPscratchCnt=\count122
\MPscratchDim=\dimen140
\MPnumerator=\count123
\everyMPtoPDFconversion=\toks32
)
Package hyperref Info: Link coloring ON on input line 104.
 (/usr/local/texlive/2008/texmf-dist/tex/latex/hyperref/nameref.sty
Package: nameref 2007/05/29 v2.31 Cross-referencing by name of section

(/usr/local/texlive/2008/texmf-dist/tex/latex/oberdiek/refcount.sty
Package: refcount 2008/08/11 v3.1 Data extraction from references (HO)
)
\c@section@level=\count124
)
LaTeX Info: Redefining \ref on input line 104.
LaTeX Info: Redefining \pageref on input line 104.

(./PloneBenutzerhandbuch.out) (./PloneBenutzerhandbuch.out)
\@outlinefile=\write7
\openout7 = `PloneBenutzerhandbuch.out'.

\AtBeginShipoutBox=\box41

<plone-logo-48.png, id=218, 184.69pt x 48.18pt>
File: plone-logo-48.png Graphic file (type png)
 <use plone-logo-48.png>
File: plone-logo-48.png Graphic file (type png)

<use plone-logo-48.png>
LaTeX Font Info:    Try loading font information for T1+phv on input line 107.

(/usr/local/texlive/2008/texmf-dist/tex/latex/psnfss/t1phv.fd
File: t1phv.fd 2001/06/04 scalable font definitions for T1/phv.
)
LaTeX Font Info:    Font shape `T1/phv/bx/n' in size <24.88> not available
(Font)              Font shape `T1/phv/b/n' tried instead on input line 107.
LaTeX Font Info:    Font shape `T1/phv/m/it' in size <20.74> not available
(Font)              Font shape `T1/phv/m/sl' tried instead on input line 107.
LaTeX Font Info:    Font shape `T1/phv/bx/it' in size <20.74> not available
(Font)              Font shape `T1/phv/b/it' tried instead on input line 107.
LaTeX Font Info:    Font shape `T1/phv/b/it' in size <20.74> not available
(Font)              Font shape `T1/phv/b/sl' tried instead on input line 107.
LaTeX Font Info:    Font shape `T1/phv/bx/n' in size <20.74> not available
(Font)              Font shape `T1/phv/b/n' tried instead on input line 107.
 [1

\openout6 = `modPloneBenutzerhandbuch.idx'.

{/usr/local/texlive/2008/texmf-var/fonts/map/pdftex/updmap/pdftex.map} <./plone
-logo-48.png>] [2

] (./PloneBenutzerhandbuch.toc)
\tf@toc=\write8
\openout8 = `PloneBenutzerhandbuch.toc'.


Adding blank page after the table of contents.
LaTeX Font Info:    Font shape `T1/phv/bx/n' in size <12> not available
(Font)              Font shape `T1/phv/b/n' tried instead on input line 107.
pdfTeX warning (ext4): destination with the same identifier (name{page.i}) has 
been already used, duplicate ignored
<to be read again> 
                   \relax 
l.107 \tableofcontents
                       [1

]pdfTeX warning (ext4): destination with the same identifier (name{page.ii}) ha
s been already used, duplicate ignored
<to be read again> 
                   \relax 
l.107 \tableofcontents
                       [2]
Kapitel 1.
LaTeX Font Info:    Font shape `T1/phv/bx/n' in size <17.28> not available
(Font)              Font shape `T1/phv/b/n' tried instead on input line 114.
LaTeX Font Info:    Font shape `T1/ptm/bx/n' in size <12> not available
(Font)              Font shape `T1/ptm/b/n' tried instead on input line 128.
[1


]

Package Fancyhdr Warning: \headheight is too small (12.0pt): 
 Make it at least 14.49998pt.
 We now make it that large for the rest of the document.
 This may cause the page layout to be inconsistent, however.

[2

]
Kapitel 2.
[3] [4]
Kapitel 3.
LaTeX Font Info:    Try loading font information for TS1+ptm on input line 265.

(/usr/local/texlive/2008/texmf-dist/tex/latex/psnfss/ts1ptm.fd
File: ts1ptm.fd 2001/06/04 font definitions for TS1/ptm.
) [5

] [6]
[7] [8

]
Kapitel 4.
[9] [10

]
Kapitel 5.
LaTeX Font Info:    Font shape `T1/phv/bx/n' in size <14.4> not available
(Font)              Font shape `T1/phv/b/n' tried instead on input line 416.
[11] [12] [13] [14

]
Kapitel 6.
<plonebase.png, id=323, 302.93175pt x 208.07738pt>
File: plonebase.png Graphic file (type png)
 <use plonebase.png> [15 <./plonebase.png>] <ploneheader.png, id=332, 302.93175
pt x 66.2475pt>
File: ploneheader.png Graphic file (type png)

<use ploneheader.png> [16 <./ploneheader.png (PNG copy)>] [17] [18

]
Kapitel 7.
[19] <passwortsetzen.png, id=357, 190.00987pt x 107.2005pt>
File: passwortsetzen.png Graphic file (type png)

<use passwortsetzen.png> <registrieren.png, id=358, 294.50024pt x 111.11513pt>
File: registrieren.png Graphic file (type png)

<use registrieren.png> [20 <./passwortsetzen.png (PNG copy)>] [21 <./registrier
en.png (PNG copy)>]
<plonebase-logged-in.png, id=379, 302.93175pt x 121.35338pt>
File: plonebase-logged-in.png Graphic file (type png)

<use plonebase-logged-in.png> [22 <./plonebase-logged-in.png (PNG copy)>]
<persoenliche-seite.png, id=390, 302.93175pt x 119.54663pt>
File: persoenliche-seite.png Graphic file (type png)

<use persoenliche-seite.png> [23 <./persoenliche-seite.png (PNG copy)>]
[24] <homepage-edit-1.png, id=413, 235.78087pt x 154.176pt>
File: homepage-edit-1.png Graphic file (type png)

<use homepage-edit-1.png>
File: homepage-edit-1.png Graphic file (type png)
 <use homepage-edit-1.png> [25 <./homepage-edit-1.png (PNG copy)>] [26] <homepa
ge-edit-2.png, id=434, 207.77625pt x 54.2025pt>
File: homepage-edit-2.png Graphic file (type png)

<use homepage-edit-2.png>
File: homepage-edit-2.png Graphic file (type png)
 <use homepage-edit-2.png>
<homepage-edited.png, id=437, 184.2885pt x 98.46788pt>
File: homepage-edited.png Graphic file (type png)

<use homepage-edited.png>
File: homepage-edited.png Graphic file (type png)
 <use homepage-edited.png> [27 <./homepage-edit-2.png (PNG copy)>] <titel-bearb
eiten-ajax.png, id=450, 184.2885pt x 35.23163pt>
File: titel-bearbeiten-ajax.png Graphic file (type png)

<use titel-bearbeiten-ajax.png>
File: titel-bearbeiten-ajax.png Graphic file (type png)
 <use titel-bearbeiten-ajax.png>
<homefolder+page.png, id=452, 239.6955pt x 71.0655pt>
File: homefolder+page.png Graphic file (type png)

<use homefolder+page.png>
File: homefolder+page.png Graphic file (type png)
 <use homefolder+page.png> [28 <./homepage-edited.png (PNG copy)> <./titel-bear
beiten-ajax.png (PNG copy)>]
<historie-tutorium.png, id=463, 190.00987pt x 93.951pt>
File: historie-tutorium.png Graphic file (type png)

<use historie-tutorium.png>
File: historie-tutorium.png Graphic file (type png)
 <use historie-tutorium.png> [29 <./homefolder+page.png (PNG copy)> <./historie
-tutorium.png (PNG copy)>]
<aktionen-loeschen.png, id=475, 184.2885pt x 34.62938pt>
File: aktionen-loeschen.png Graphic file (type png)

<use aktionen-loeschen.png>
File: aktionen-loeschen.png Graphic file (type png)
 <use aktionen-loeschen.png> [30 <./aktionen-loeschen.png (PNG copy)>] <add-men
u-ordner.png, id=487, 190.00987pt x 52.69687pt>
File: add-menu-ordner.png Graphic file (type png)

<use add-menu-ordner.png>
File: add-menu-ordner.png Graphic file (type png)
 <use add-menu-ordner.png>
<folder-empty.png, id=489, 195.73125pt x 57.21375pt>
File: folder-empty.png Graphic file (type png)
 <use folder-empty.png>
File: folder-empty.png Graphic file (type png)

<use folder-empty.png>
<folder-with-object.png, id=491, 184.2885pt x 80.7015pt>
File: folder-with-object.png Graphic file (type png)

<use folder-with-object.png>
File: folder-with-object.png Graphic file (type png)
 <use folder-with-object.png>
<folder-order.png, id=493, 190.00987pt x 105.39375pt>
File: folder-order.png Graphic file (type png)
 <use folder-order.png>
File: folder-order.png Graphic file (type png)

<use folder-order.png> [31 <./add-menu-ordner.png (PNG copy)> <./folder-empty.p
ng (PNG copy)>] [32 <./folder-with-object.png (PNG copy)> <./folder-order.png (
PNG copy)>] <standardseite.png, id=515, 186.39638pt x 77.99138pt>
File: standardseite.png Graphic file (type png)

<use standardseite.png>
File: standardseite.png Graphic file (type png)
 <use standardseite.png> [33 <./standardseite.png (PNG copy)>] [34]
<zur-veroeffentlichung-einreichen.png, id=533, 190.00987pt x 35.53275pt>
File: zur-veroeffentlichung-einreichen.png Graphic file (type png)

<use zur-veroeffentlichung-einreichen.png>
File: zur-veroeffentlichung-einreichen.png Graphic file (type png)

<use zur-veroeffentlichung-einreichen.png> [35]
<formular-arbeitsablauf.png, id=546, 190.00987pt x 187.29974pt>
File: formular-arbeitsablauf.png Graphic file (type png)

<use formular-arbeitsablauf.png>
File: formular-arbeitsablauf.png Graphic file (type png)
 <use formular-arbeitsablauf.png> [36 <./zur-veroeffentlichung-einreichen.png (
PNG copy)> <./formular-arbeitsablauf.png (PNG copy)>] <revisionsliste.png, id=5
56, 58.11713pt x 37.94176pt>
File: revisionsliste.png Graphic file (type png)

<use revisionsliste.png>
File: revisionsliste.png Graphic file (type png)
 <use revisionsliste.png>
<veroeffentlichen.png, id=557, 190.00987pt x 35.53275pt>
File: veroeffentlichen.png Graphic file (type png)

<use veroeffentlichen.png>
File: veroeffentlichen.png Graphic file (type png)
 <use veroeffentlichen.png>
<historie-arbeitsablauf.png, id=559, 182.18062pt x 52.69687pt>
File: historie-arbeitsablauf.png Graphic file (type png)

<use historie-arbeitsablauf.png>
File: historie-arbeitsablauf.png Graphic file (type png)
 <use historie-arbeitsablauf.png> [37 <./revisionsliste.png (PNG copy)> <./vero
effentlichen.png (PNG copy)>] [38 <./historie-arbeitsablauf.png (PNG copy)>]
Kapitel 8.
<typ-seite.png, id=582, 3.01125pt x 3.6135pt>
File: typ-seite.png Graphic file (type png)
 <use typ-seite.png>
File: typ-seite.png Graphic file (type png)

<use typ-seite.png> <typ-nachricht.png, id=583, 4.21574pt x 3.6135pt>
File: typ-nachricht.png Graphic file (type png)

<use typ-nachricht.png>
File: typ-nachricht.png Graphic file (type png)
 <use typ-nachricht.png>
<typ-termin.png, id=584, 3.31238pt x 4.21574pt>
File: typ-termin.png Graphic file (type png)
 <use typ-termin.png>
File: typ-termin.png Graphic file (type png)

<use typ-termin.png> <typ-bild.png, id=585, 3.01125pt x 3.6135pt>
File: typ-bild.png Graphic file (type png)

<use typ-bild.png>
File: typ-bild.png Graphic file (type png)
 <use typ-bild.png>
<typ-datei.png, id=586, 3.01125pt x 3.6135pt>
File: typ-datei.png Graphic file (type png)
 <use typ-datei.png>
File: typ-datei.png Graphic file (type png)

<use typ-datei.png> <typ-lesezeichen.png, id=587, 4.21574pt x 4.06519pt>
File: typ-lesezeichen.png Graphic file (type png)

<use typ-lesezeichen.png>
File: typ-lesezeichen.png Graphic file (type png)
 <use typ-lesezeichen.png>
<typ-link.png, id=588, 3.6135pt x 3.6135pt>
File: typ-link.png Graphic file (type png)
 <use typ-link.png>
File: typ-link.png Graphic file (type png)

<use typ-link.png> <typ-ordner.png, id=589, 4.21574pt x 3.6135pt>
File: typ-ordner.png Graphic file (type png)

<use typ-ordner.png>
File: typ-ordner.png Graphic file (type png)
 <use typ-ordner.png>
<typ-kollektion.png, id=590, 3.6135pt x 3.91463pt>
File: typ-kollektion.png Graphic file (type png)
 <use typ-kollektion.png>
File: typ-kollektion.png Graphic file (type png)

<use typ-kollektion.png>
File: typ-seite.png Graphic file (type png)
 <use typ-seite.png>
File: typ-seite.png Graphic file (type png)
 <use typ-seite.png>
File: typ-nachricht.png Graphic file (type png)

<use typ-nachricht.png>
File: typ-nachricht.png Graphic file (type png)
 <use typ-nachricht.png>
File: typ-termin.png Graphic file (type png)
 <use typ-termin.png>
File: typ-termin.png Graphic file (type png)

<use typ-termin.png>
File: typ-bild.png Graphic file (type png)
 <use typ-bild.png>
File: typ-bild.png Graphic file (type png)
 <use typ-bild.png>
File: typ-datei.png Graphic file (type png)
 <use typ-datei.png>
File: typ-datei.png Graphic file (type png)

<use typ-datei.png>
File: typ-lesezeichen.png Graphic file (type png)
 <use typ-lesezeichen.png>
File: typ-lesezeichen.png Graphic file (type png)
 <use typ-lesezeichen.png>
File: typ-link.png Graphic file (type png)

<use typ-link.png>
File: typ-link.png Graphic file (type png)
 <use typ-link.png>
File: typ-ordner.png Graphic file (type png)
 <use typ-ordner.png>
File: typ-ordner.png Graphic file (type png)

<use typ-ordner.png>
File: typ-kollektion.png Graphic file (type png)
 <use typ-kollektion.png>
File: typ-kollektion.png Graphic file (type png)
 <use typ-kollektion.png> [39

 <./typ-seite.png> <./typ-nachricht.png> <./typ-termin.png> <./typ-bild.png> <.
/typ-datei.png> <./typ-lesezeichen.png> <./typ-link.png> <./typ-ordner.png> <./
typ-kollektion.png>]
<gemeinsamkeiten-anzeige.png, id=614, 302.93175pt x 269.20575pt>
File: gemeinsamkeiten-anzeige.png Graphic file (type png)

<use gemeinsamkeiten-anzeige.png>
File: gemeinsamkeiten-anzeige.png Graphic file (type png)
 <use gemeinsamkeiten-anzeige.png>
<anzeige-waehlen.png, id=615, 67.75313pt x 36.73724pt>
File: anzeige-waehlen.png Graphic file (type png)

<use anzeige-waehlen.png>
File: anzeige-waehlen.png Graphic file (type png)
 <use anzeige-waehlen.png> [40 <./gemeinsamkeiten-anzeige.png (PNG copy)>]
File: titel-bearbeiten-ajax.png Graphic file (type png)
 <use titel-bearbeiten-ajax.png>
File: titel-bearbeiten-ajax.png Graphic file (type png)

<use titel-bearbeiten-ajax.png>
<bearbeiten-teilformulare.png, id=628, 184.2885pt x 31.01587pt>
File: bearbeiten-teilformulare.png Graphic file (type png)

<use bearbeiten-teilformulare.png>
File: bearbeiten-teilformulare.png Graphic file (type png)
 <use bearbeiten-teilformulare.png> [41 <./anzeige-waehlen.png (PNG copy)>]
<seite-bearbeiten-standard.png, id=641, 190.00987pt x 196.93575pt>
File: seite-bearbeiten-standard.png Graphic file (type png)

<use seite-bearbeiten-standard.png>
File: seite-bearbeiten-standard.png Graphic file (type png)
 <use seite-bearbeiten-standard.png>
[42 <./bearbeiten-teilformulare.png (PNG copy)> <./seite-bearbeiten-standard.pn
g (PNG copy)>]
<seite-bearbeiten-kategorisierung.png, id=654, 184.2885pt x 178.86826pt>
File: seite-bearbeiten-kategorisierung.png Graphic file (type png)

<use seite-bearbeiten-kategorisierung.png>
File: seite-bearbeiten-kategorisierung.png Graphic file (type png)

<use seite-bearbeiten-kategorisierung.png> [43 <./seite-bearbeiten-kategorisier
ung.png (PNG copy)>]
<verweise-artikel-suchen.png, id=667, 151.16475pt x 101.47913pt>
File: verweise-artikel-suchen.png Graphic file (type png)

<use verweise-artikel-suchen.png>
File: verweise-artikel-suchen.png Graphic file (type png)
 <use verweise-artikel-suchen.png>
<seite-bearbeiten-datum.png, id=668, 184.2885pt x 125.268pt>
File: seite-bearbeiten-datum.png Graphic file (type png)

<use seite-bearbeiten-datum.png>
File: seite-bearbeiten-datum.png Graphic file (type png)
 <use seite-bearbeiten-datum.png> [44 <./verweise-artikel-suchen.png (PNG copy)
> <./seite-bearbeiten-datum.png (PNG copy)>]
<seite-bearbeiten-urheber.png, id=678, 184.2885pt x 178.86826pt>
File: seite-bearbeiten-urheber.png Graphic file (type png)

<use seite-bearbeiten-urheber.png>
File: seite-bearbeiten-urheber.png Graphic file (type png)
 <use seite-bearbeiten-urheber.png> [45 <./seite-bearbeiten-urheber.png (PNG co
py)>]
<seite-bearbeiten-einstellungen.png, id=689, 184.2885pt x 134.00063pt>
File: seite-bearbeiten-einstellungen.png Graphic file (type png)

<use seite-bearbeiten-einstellungen.png>
File: seite-bearbeiten-einstellungen.png Graphic file (type png)

<use seite-bearbeiten-einstellungen.png>
<locking.png, id=690, 180.07275pt x 52.998pt>
File: locking.png Graphic file (type png)
 <use locking.png>
File: locking.png Graphic file (type png)

<use locking.png> [46 <./seite-bearbeiten-einstellungen.png (PNG copy)>]
[47 <./locking.png (PNG copy)>]
<erweiterte-suche.png, id=709, 288.77887pt x 288.47775pt>
File: erweiterte-suche.png Graphic file (type png)

<use erweiterte-suche.png>
<portlet-recent.png, id=710, 46.37325pt x 51.7935pt>
File: portlet-recent.png Graphic file (type png)
 <use portlet-recent.png>
File: portlet-recent.png Graphic file (type png)

<use portlet-recent.png> [48] [49 <./erweiterte-suche.png (PNG copy)> <./portle
t-recent.png (PNG copy)>] <dokument.png, id=734, 190.00987pt x 117.73987pt>
File: dokument.png Graphic file (type png)

<use dokument.png>
File: dokument.png Graphic file (type png)
 <use dokument.png>
<praesentationsmodus.png, id=736, 308.352pt x 126.17137pt>
File: praesentationsmodus.png Graphic file (type png)

<use praesentationsmodus.png>
File: praesentationsmodus.png Graphic file (type png)
 <use praesentationsmodus.png> [50 <./dokument.png (PNG copy)>] <seite-inhaltsv
erzeichnis.png, id=749, 190.00987pt x 95.45662pt>
File: seite-inhaltsverzeichnis.png Graphic file (type png)

<use seite-inhaltsverzeichnis.png>
File: seite-inhaltsverzeichnis.png Graphic file (type png)
 <use seite-inhaltsverzeichnis.png>
<portlet-news.png, id=751, 46.37325pt x 39.7485pt>
File: portlet-news.png Graphic file (type png)
 <use portlet-news.png>
File: portlet-news.png Graphic file (type png)

<use portlet-news.png> <nachricht.png, id=753, 190.00987pt x 116.53537pt>
File: nachricht.png Graphic file (type png)

<use nachricht.png>
File: nachricht.png Graphic file (type png)
 <use nachricht.png> [51 <./praesentationsmodus.png (PNG copy)> <./seite-inhalt
sverzeichnis.png (PNG copy)>]
<nachricht-bild-einfuegen.png, id=766, 190.00987pt x 46.37325pt>
File: nachricht-bild-einfuegen.png Graphic file (type png)

<use nachricht-bild-einfuegen.png>
File: nachricht-bild-einfuegen.png Graphic file (type png)
 <use nachricht-bild-einfuegen.png>
<termin.png, id=767, 190.00987pt x 139.722pt>
File: termin.png Graphic file (type png)
 <use termin.png>
File: termin.png Graphic file (type png)

<use termin.png> [52 <./portlet-news.png (PNG copy)> <./nachricht.png (PNG copy
)> <./nachricht-bild-einfuegen.png (PNG copy)>] [53 <./termin.png (PNG copy)>]
<portlet-events.png, id=788, 46.37325pt x 56.6115pt>
File: portlet-events.png Graphic file (type png)
 <use portlet-events.png>
File: portlet-events.png Graphic file (type png)

<use portlet-events.png>
<portlet-calendar.png, id=789, 46.37325pt x 49.08337pt>
File: portlet-calendar.png Graphic file (type png)

<use portlet-calendar.png>
File: portlet-calendar.png Graphic file (type png)
 <use portlet-calendar.png>
LaTeX Font Info:    Try loading font information for T1+pcr on input line 2751.


(/usr/local/texlive/2008/texmf-dist/tex/latex/psnfss/t1pcr.fd
File: t1pcr.fd 2001/06/04 font definitions for T1/pcr.
) [54 <./portlet-events.png (PNG copy)> <./portlet-calendar.png (PNG copy)>]
<bild.png, id=801, 190.00987pt x 136.40962pt>
File: bild.png Graphic file (type png)
 <use bild.png>
File: bild.png Graphic file (type png)
 <use bild.png>
<bild-transformieren.png, id=803, 186.99863pt x 131.2905pt>
File: bild-transformieren.png Graphic file (type png)

<use bild-transformieren.png>
File: bild-transformieren.png Graphic file (type png)
 <use bild-transformieren.png> [55 <./bild.png (PNG copy)>] <datei.png, id=815,
 190.00987pt x 52.69687pt>
File: datei.png Graphic file (type png)
 <use datei.png>
File: datei.png Graphic file (type png)

<use datei.png> [56 <./bild-transformieren.png (PNG copy)> <./datei.png (PNG co
py)>] <link.png, id=824, 190.00987pt x 52.998pt>
File: link.png Graphic file (type png)
 <use link.png>
File: link.png Graphic file (type png)
 <use link.png>
[57 <./link.png (PNG copy)>]
File: folder-order.png Graphic file (type png)
 <use folder-order.png>
File: folder-order.png Graphic file (type png)
 <use folder-order.png>
<ordner-bearbeiten.png, id=838, 185.79413pt x 103.88812pt>
File: ordner-bearbeiten.png Graphic file (type png)

<use ordner-bearbeiten.png>
File: ordner-bearbeiten.png Graphic file (type png)
 <use ordner-bearbeiten.png>
<vor-zurueck-navi.png, id=839, 190.00987pt x 33.42488pt>
File: vor-zurueck-navi.png Graphic file (type png)

<use vor-zurueck-navi.png>
File: vor-zurueck-navi.png Graphic file (type png)
 <use vor-zurueck-navi.png> [58 <./ordner-bearbeiten.png (PNG copy)>] <ordnerin
halt.png, id=851, 190.00987pt x 102.08138pt>
File: ordnerinhalt.png Graphic file (type png)

<use ordnerinhalt.png>
File: ordnerinhalt.png Graphic file (type png)
 <use ordnerinhalt.png>
<umordnen.png, id=853, 199.04362pt x 44.5665pt>
File: umordnen.png Graphic file (type png)
 <use umordnen.png>
File: umordnen.png Graphic file (type png)

<use umordnen.png> [59 <./vor-zurueck-navi.png (PNG copy)> <./ordnerinhalt.png 
(PNG copy)> <./umordnen.png (PNG copy)>]
<thema.png, id=866, 190.00987pt x 89.73524pt>
File: thema.png Graphic file (type png)
 <use thema.png>
File: thema.png Graphic file (type png)
 <use thema.png>
<kollektion-bearbeiten.png, id=867, 190.00987pt x 247.82588pt>
File: kollektion-bearbeiten.png Graphic file (type png)

<use kollektion-bearbeiten.png>
File: kollektion-bearbeiten.png Graphic file (type png)
 <use kollektion-bearbeiten.png> [60 <./thema.png (PNG copy)>] [61 <./kollektio
n-bearbeiten.png (PNG copy)>]
<kriterien.png, id=885, 190.00987pt x 266.79675pt>
File: kriterien.png Graphic file (type png)
 <use kriterien.png>
File: kriterien.png Graphic file (type png)

<use kriterien.png> [62 <./kriterien.png (PNG copy)>]
<kollektion-mit-unterkollektionen.png, id=893, 190.00987pt x 148.45462pt>
File: kollektion-mit-unterkollektionen.png Graphic file (type png)

<use kollektion-mit-unterkollektionen.png>
File: kollektion-mit-unterkollektionen.png Graphic file (type png)

<use kollektion-mit-unterkollektionen.png> [63]
<unterthemen.png, id=901, 190.00987pt x 56.6115pt>
File: unterthemen.png Graphic file (type png)
 <use unterthemen.png>
File: unterthemen.png Graphic file (type png)

<use unterthemen.png> [64 <./kollektion-mit-unterkollektionen.png (PNG copy)> <
./unterthemen.png (PNG copy)>]
Kapitel 9.
<hinzufuegen.png, id=916, 87.9285pt x 58.41824pt>
File: hinzufuegen.png Graphic file (type png)
 <use hinzufuegen.png>
File: hinzufuegen.png Graphic file (type png)

<use hinzufuegen.png>
<hinzufuegen-form.png, id=917, 195.73125pt x 139.11975pt>
File: hinzufuegen-form.png Graphic file (type png)

<use hinzufuegen-form.png>
File: hinzufuegen-form.png Graphic file (type png)
 <use hinzufuegen-form.png> [65

]
<hinzufuegen-typen-kurz.png, id=928, 190.00987pt x 48.78226pt>
File: hinzufuegen-typen-kurz.png Graphic file (type png)

<use hinzufuegen-typen-kurz.png>
File: hinzufuegen-typen-kurz.png Graphic file (type png)
 <use hinzufuegen-typen-kurz.png> [66 <./hinzufuegen.png (PNG copy)> <./hinzufu
egen-form.png (PNG copy)> <./hinzufuegen-typen-kurz.png (PNG copy)>]
<hinzufuegen-typen-lang.png, id=940, 190.00987pt x 103.28587pt>
File: hinzufuegen-typen-lang.png Graphic file (type png)

<use hinzufuegen-typen-lang.png>
File: hinzufuegen-typen-lang.png Graphic file (type png)
 <use hinzufuegen-typen-lang.png>
<anzeige-wiki-links.png, id=942, 177.96487pt x 36.135pt>
File: anzeige-wiki-links.png Graphic file (type png)

<use anzeige-wiki-links.png>
File: anzeige-wiki-links.png Graphic file (type png)
 <use anzeige-wiki-links.png> [67 <./hinzufuegen-typen-lang.png (PNG copy)>] <u
mbenennen.png, id=954, 182.78287pt x 71.36662pt>
File: umbenennen.png Graphic file (type png)

<use umbenennen.png>
File: umbenennen.png Graphic file (type png)
 <use umbenennen.png> [68 <./anzeige-wiki-links.png (PNG copy)>] <aktionen.png,
 id=966, 57.21375pt x 40.35075pt>
File: aktionen.png Graphic file (type png)
 <use aktionen.png>
File: aktionen.png Graphic file (type png)

<use aktionen.png> [69 <./umbenennen.png (PNG copy)> <./aktionen.png (PNG copy)
>] <linkbruch-warnung.png, id=976, 183.98738pt x 75.8835pt>
File: linkbruch-warnung.png Graphic file (type png)

<use linkbruch-warnung.png>
File: linkbruch-warnung.png Graphic file (type png)
 <use linkbruch-warnung.png> [70 <./linkbruch-warnung.png (PNG copy)>] <ansicht
-versionen.png, id=984, 190.00987pt x 93.951pt>
File: ansicht-versionen.png Graphic file (type png)

<use ansicht-versionen.png>
File: ansicht-versionen.png Graphic file (type png)
 <use ansicht-versionen.png> [71 <./ansicht-versionen.png (PNG copy)>]
<versionsvergleich-metadaten.png, id=993, 190.00987pt x 123.76237pt>
File: versionsvergleich-metadaten.png Graphic file (type png)

<use versionsvergleich-metadaten.png>
File: versionsvergleich-metadaten.png Graphic file (type png)
 <use versionsvergleich-metadaten.png>
<versionsvergleich-haupttext.png, id=995, 190.00987pt x 103.28587pt>
File: versionsvergleich-haupttext.png Graphic file (type png)

<use versionsvergleich-haupttext.png>
File: versionsvergleich-haupttext.png Graphic file (type png)
 <use versionsvergleich-haupttext.png>
[72] [73 <./versionsvergleich-metadaten.png> <./versionsvergleich-haupttext.png
 (PNG copy)>] [74] <workflow-einfach.png, id=1020, 199.947pt x 188.8656pt>
File: workflow-einfach.png Graphic file (type png)

<use workflow-einfach.png>
<workflow-ein-status.png, id=1021, 108.8868pt x 44.3256pt>
File: workflow-ein-status.png Graphic file (type png)

<use workflow-ein-status.png> [75 <./workflow-einfach.png (PNG copy)> <./workfl
ow-ein-status.png (PNG copy)>]
<workflow-community.png, id=1035, 220.1826pt x 261.1356pt>
File: workflow-community.png Graphic file (type png)

<use workflow-community.png>
File: workflow-community.png Graphic file (type png)
 <use workflow-community.png>
<workflow-intranet.png, id=1036, 294.3798pt x 261.1356pt>
File: workflow-intranet.png Graphic file (type png)

<use workflow-intranet.png>
File: workflow-intranet.png Graphic file (type png)
 <use workflow-intranet.png> [76] [77 <./workflow-community.png (PNG copy)> <./
workflow-intranet.png (PNG copy)>] [78]
<workflow.png, id=1064, 120.45pt x 33.12375pt>
File: workflow.png Graphic file (type png)
 <use workflow.png>
File: workflow.png Graphic file (type png)

<use workflow.png> [79]
<workflow-historie-eingeklappt.png, id=1072, 190.00987pt x 18.0675pt>
File: workflow-historie-eingeklappt.png Graphic file (type png)

<use workflow-historie-eingeklappt.png>
File: workflow-historie-eingeklappt.png Graphic file (type png)

<use workflow-historie-eingeklappt.png>
<workflow-historie.png, id=1073, 190.00987pt x 91.84312pt>
File: workflow-historie.png Graphic file (type png)

<use workflow-historie.png>
File: workflow-historie.png Graphic file (type png)
 <use workflow-historie.png> [80 <./workflow.png (PNG copy)> <./workflow-histor
ie-eingeklappt.png (PNG copy)>]
<portlet-revlist.png, id=1089, 58.11713pt x 37.94176pt>
File: portlet-revlist.png Graphic file (type png)

<use portlet-revlist.png>
File: portlet-revlist.png Graphic file (type png)
 <use portlet-revlist.png>
<publikationsprozess-1.png, id=1091, 190.00987pt x 88.83188pt>
File: publikationsprozess-1.png Graphic file (type png)

<use publikationsprozess-1.png>
File: publikationsprozess-1.png Graphic file (type png)
 <use publikationsprozess-1.png> [81 <./workflow-historie.png (PNG copy)> <./po
rtlet-revlist.png (PNG copy)>]
<publikationsprozess-2.png, id=1105, 190.00987pt x 130.086pt>
File: publikationsprozess-2.png Graphic file (type png)

<use publikationsprozess-2.png>
File: publikationsprozess-2.png Graphic file (type png)
 <use publikationsprozess-2.png> [82 <./publikationsprozess-1.png (PNG copy)> <
./publikationsprozess-2.png (PNG copy)>]
<arbeitskopie-erzeugen.png, id=1116, 57.21375pt x 34.62938pt>
File: arbeitskopie-erzeugen.png Graphic file (type png)

<use arbeitskopie-erzeugen.png>
File: arbeitskopie-erzeugen.png Graphic file (type png)
 <use arbeitskopie-erzeugen.png>
<arbeitskopie-wohin.png, id=1118, 180.07275pt x 101.178pt>
File: arbeitskopie-wohin.png Graphic file (type png)

<use arbeitskopie-wohin.png>
File: arbeitskopie-wohin.png Graphic file (type png)
 <use arbeitskopie-wohin.png>
<statusmeldung-arbeitskopie.png, id=1119, 177.96487pt x 12.045pt>
File: statusmeldung-arbeitskopie.png Graphic file (type png)

<use statusmeldung-arbeitskopie.png>
File: statusmeldung-arbeitskopie.png Graphic file (type png)
 <use statusmeldung-arbeitskopie.png>
[83 <./arbeitskopie-erzeugen.png (PNG copy)> <./arbeitskopie-wohin.png (PNG cop
y)>]
<statusmeldung-gesperrt-arbeitskopie.png, id=1129, 177.96487pt x 23.48775pt>
File: statusmeldung-gesperrt-arbeitskopie.png Graphic file (type png)

<use statusmeldung-gesperrt-arbeitskopie.png>
File: statusmeldung-gesperrt-arbeitskopie.png Graphic file (type png)

<use statusmeldung-gesperrt-arbeitskopie.png>
<original-durch-arbeitskopie-ersetzen.png, id=1131, 87.9285pt x 40.65187pt>
File: original-durch-arbeitskopie-ersetzen.png Graphic file (type png)

<use original-durch-arbeitskopie-ersetzen.png>
File: original-durch-arbeitskopie-ersetzen.png Graphic file (type png)

<use original-durch-arbeitskopie-ersetzen.png>
<arbeitskopie-checkin-msg.png, id=1133, 185.79413pt x 95.1555pt>
File: arbeitskopie-checkin-msg.png Graphic file (type png)

<use arbeitskopie-checkin-msg.png>
File: arbeitskopie-checkin-msg.png Graphic file (type png)
 <use arbeitskopie-checkin-msg.png> [84 <./statusmeldung-arbeitskopie.png (PNG 
copy)> <./statusmeldung-gesperrt-arbeitskopie.png (PNG copy)> <./original-durch
-arbeitskopie-ersetzen.png (PNG copy)>]
<diskussion.png, id=1147, 190.00987pt x 115.02975pt>
File: diskussion.png Graphic file (type png)
 <use diskussion.png>
File: diskussion.png Graphic file (type png)

<use diskussion.png>
<diskussion-kommentieren.png, id=1148, 182.78287pt x 97.26338pt>
File: diskussion-kommentieren.png Graphic file (type png)

<use diskussion-kommentieren.png>
File: diskussion-kommentieren.png Graphic file (type png)
 <use diskussion-kommentieren.png> [85 <./arbeitskopie-checkin-msg.png (PNG cop
y)> <./diskussion.png (PNG copy)>]
<allow-discussion.png, id=1161, 182.18062pt x 18.0675pt>
File: allow-discussion.png Graphic file (type png)

<use allow-discussion.png>
File: allow-discussion.png Graphic file (type png)
 <use allow-discussion.png> [86 <./diskussion-kommentieren.png (PNG copy)> <./a
llow-discussion.png (PNG copy)>]
<portlet-rss.png, id=1172, 58.11713pt x 93.34875pt>
File: portlet-rss.png Graphic file (type png)
 <use portlet-rss.png>
File: portlet-rss.png Graphic file (type png)

<use portlet-rss.png> [87 <./portlet-rss.png (PNG copy)>]
<syndizierung.png, id=1183, 190.00987pt x 199.947pt>
File: syndizierung.png Graphic file (type png)
 <use syndizierung.png>
File: syndizierung.png Graphic file (type png)

<use syndizierung.png> [88] [89 <./syndizierung.png (PNG copy)>] [90

]
Kapitel 10.
[91] <willkommen.png, id=1211, 188.50426pt x 29.81137pt>
File: willkommen.png Graphic file (type png)
 <use willkommen.png>
File: willkommen.png Graphic file (type png)

<use willkommen.png>
<passwort-vergessen-formular.png, id=1214, 190.91325pt x 46.37325pt>
File: passwort-vergessen-formular.png Graphic file (type png)

<use passwort-vergessen-formular.png>
File: passwort-vergessen-formular.png Graphic file (type png)
 <use passwort-vergessen-formular.png>
[92 <./willkommen.png (PNG copy)>]
<portlet-login.png, id=1227, 46.37325pt x 74.679pt>
File: portlet-login.png Graphic file (type png)
 <use portlet-login.png>
File: portlet-login.png Graphic file (type png)

<use portlet-login.png> <anmeldeformular.png, id=1228, 116.8365pt x 59.0205pt>
File: anmeldeformular.png Graphic file (type png)

<use anmeldeformular.png>
File: anmeldeformular.png Graphic file (type png)
 <use anmeldeformular.png> [93 <./passwort-vergessen-formular.png (PNG copy)> <
./portlet-login.png (PNG copy)>]
Underfull \hbox (badness 10000) in paragraph at lines 4912--4917
[]\T1/ptm/m/n/12 Wenn Sie sich an ei-ner Web-si-te mit Ope-nID an-mel-den, ver-
wen-den Sie da-
 []


Underfull \hbox (badness 7081) in paragraph at lines 4912--4917
\T1/ptm/m/n/12 zu kei-nen Na-men, son-dern ei-ne OpenID-URL. Das ist ei-ne In-t
er-net-adres-se wie
 []


Underfull \hbox (badness 10000) in paragraph at lines 4912--4917
\T1/ptm/m/n/12 url{[][]http://mustermann.myopenid.com/[][]}, die meist aus Ih-r
em OpenID-Benutzernamen
 []

<openid-registrierungsformular.png, id=1243, 109.00725pt x 68.35538pt>
File: openid-registrierungsformular.png Graphic file (type png)

<use openid-registrierungsformular.png>
File: openid-registrierungsformular.png Graphic file (type png)

<use openid-registrierungsformular.png>
<openid-portlet.png, id=1244, 46.37325pt x 32.22037pt>
File: openid-portlet.png Graphic file (type png)

<use openid-portlet.png>
File: openid-portlet.png Graphic file (type png)
 <use openid-portlet.png> [94 <./anmeldeformular.png (PNG copy)> <./openid-regi
strierungsformular.png (PNG copy)> <./openid-portlet.png (PNG copy)>] <benutzer
menue.png, id=1255, 184.2885pt x 10.53937pt>
File: benutzermenue.png Graphic file (type png)

<use benutzermenue.png>
File: benutzermenue.png Graphic file (type png)
 <use benutzermenue.png>
<persoenliche-seite-bearbeiten.png, id=1261, 301.72725pt x 97.86563pt>
File: persoenliche-seite-bearbeiten.png Graphic file (type png)

<use persoenliche-seite-bearbeiten.png>
File: persoenliche-seite-bearbeiten.png Graphic file (type png)

<use persoenliche-seite-bearbeiten.png> [95 <./benutzermenue.png (PNG copy)>]
<rss-feed-portlet-hinzufuegen.png, id=1277, 195.73125pt x 97.86563pt>
File: rss-feed-portlet-hinzufuegen.png Graphic file (type png)

<use rss-feed-portlet-hinzufuegen.png>
File: rss-feed-portlet-hinzufuegen.png Graphic file (type png)
 <use rss-feed-portlet-hinzufuegen.png>
<suchportlet-hinzufuegen.png, id=1278, 195.73125pt x 49.68562pt>
File: suchportlet-hinzufuegen.png Graphic file (type png)

<use suchportlet-hinzufuegen.png>
File: suchportlet-hinzufuegen.png Graphic file (type png)
 <use suchportlet-hinzufuegen.png>
<aktuelle-artikel-portlet-hinzufuegen.png, id=1279, 195.73125pt x 56.91263pt>
File: aktuelle-artikel-portlet-hinzufuegen.png Graphic file (type png)

<use aktuelle-artikel-portlet-hinzufuegen.png>
File: aktuelle-artikel-portlet-hinzufuegen.png Graphic file (type png)

<use aktuelle-artikel-portlet-hinzufuegen.png>
<nachrichten-portlet-hinzufuegen.png, id=1280, 195.73125pt x 98.769pt>
File: nachrichten-portlet-hinzufuegen.png Graphic file (type png)

<use nachrichten-portlet-hinzufuegen.png>
File: nachrichten-portlet-hinzufuegen.png Graphic file (type png)

<use nachrichten-portlet-hinzufuegen.png> [96 <./persoenliche-seite-bearbeiten.
png (PNG copy)> <./rss-feed-portlet-hinzufuegen.png (PNG copy)> <./suchportlet-
hinzufuegen.png (PNG copy)>]
<terminportlet-hinzufuegen.png, id=1292, 195.73125pt x 98.769pt>
File: terminportlet-hinzufuegen.png Graphic file (type png)

<use terminportlet-hinzufuegen.png>
File: terminportlet-hinzufuegen.png Graphic file (type png)
 <use terminportlet-hinzufuegen.png>
<statisches-portlet-hinzufuegen.png, id=1293, 182.78287pt x 176.15813pt>
File: statisches-portlet-hinzufuegen.png Graphic file (type png)

<use statisches-portlet-hinzufuegen.png>
File: statisches-portlet-hinzufuegen.png Graphic file (type png)

<use statisches-portlet-hinzufuegen.png> [97 <./aktuelle-artikel-portlet-hinzuf
uegen.png (PNG copy)> <./nachrichten-portlet-hinzufuegen.png (PNG copy)> <./ter
minportlet-hinzufuegen.png (PNG copy)>]
<klassisches-portlet-hinzufuegen.png, id=1306, 195.73125pt x 77.088pt>
File: klassisches-portlet-hinzufuegen.png Graphic file (type png)

<use klassisches-portlet-hinzufuegen.png>
File: klassisches-portlet-hinzufuegen.png Graphic file (type png)

<use klassisches-portlet-hinzufuegen.png>
<profil.png, id=1309, 289.08pt x 186.6975pt>
File: profil.png Graphic file (type png)
 <use profil.png>
File: profil.png Graphic file (type png)
 <use profil.png>
[98 <./statisches-portlet-hinzufuegen.png (PNG copy)> <./klassisches-portlet-hi
nzufuegen.png (PNG copy)>]
<meine-einstellungen.png, id=1318, 296.00587pt x 289.38112pt>
File: meine-einstellungen.png Graphic file (type png)

<use meine-einstellungen.png>
File: meine-einstellungen.png Graphic file (type png)
 <use meine-einstellungen.png> [99 <./profil.png (PNG copy)>] [100 <./meine-ein
stellungen.png (PNG copy)>]
<benutzersuche.png, id=1336, 195.73125pt x 98.46788pt>
File: benutzersuche.png Graphic file (type png)
 <use benutzersuche.png>
File: benutzersuche.png Graphic file (type png)

<use benutzersuche.png> [101] [102 <./benutzersuche.png (PNG copy)>] [103]
<zugriff.png, id=1357, 191.81662pt x 111.41624pt>
File: zugriff.png Graphic file (type png)
 <use zugriff.png>
File: zugriff.png Graphic file (type png)

<use zugriff.png> [104 <./zugriff.png (PNG copy)>] [105] [106

]
Kapitel 11.
<rahmen.png, id=1380, 190.00987pt x 27.10126pt>
File: rahmen.png Graphic file (type png)
 <use rahmen.png>
File: rahmen.png Graphic file (type png)

<use rahmen.png> [107 <./rahmen.png (PNG copy)>]
<doc-actions.png, id=1393, 190.00987pt x 27.40237pt>
File: doc-actions.png Graphic file (type png)
 <use doc-actions.png>
File: doc-actions.png Graphic file (type png)

<use doc-actions.png> <statusmeldung.png, id=1403, 190.00987pt x 36.135pt>
File: statusmeldung.png Graphic file (type png)

<use statusmeldung.png>
File: statusmeldung.png Graphic file (type png)
 <use statusmeldung.png> [108 <./doc-actions.png (PNG copy)>] [109 <./statusmel
dung.png (PNG copy)>]
<globale-reiter.png, id=1427, 190.00987pt x 40.04962pt>
File: globale-reiter.png Graphic file (type png)

<use globale-reiter.png>
File: globale-reiter.png Graphic file (type png)
 <use globale-reiter.png>
Overfull \hbox (66.75629pt too wide) in paragraph at lines 5789--5836
[]\T1/ptm/m/n/12 Vorgegebene Ein-tr-ge in der Haupt-na-vi-ga-ti-on []   [] 
 []

<portlet-navigation.png, id=1437, 46.37325pt x 78.89474pt>
File: portlet-navigation.png Graphic file (type png)

<use portlet-navigation.png>
File: portlet-navigation.png Graphic file (type png)
 <use portlet-navigation.png>
<sitemap.png, id=1438, 130.086pt x 127.97812pt>
File: sitemap.png Graphic file (type png)
 <use sitemap.png>
File: sitemap.png Graphic file (type png)

<use sitemap.png> [110 <./globale-reiter.png (PNG copy)> <./portlet-navigation.
png (PNG copy)>] [111 <./sitemap.png (PNG copy)>]
<lesezeichen-setzen.png, id=1464, 190.00987pt x 21.681pt>
File: lesezeichen-setzen.png Graphic file (type png)

<use lesezeichen-setzen.png>
File: lesezeichen-setzen.png Graphic file (type png)
 <use lesezeichen-setzen.png>
<portlet-favorites.png, id=1466, 58.11713pt x 28.908pt>
File: portlet-favorites.png Graphic file (type png)

<use portlet-favorites.png>
File: portlet-favorites.png Graphic file (type png)
 <use portlet-favorites.png>
<sofortsuche.png, id=1468, 123.46124pt x 72.27pt>
File: sofortsuche.png Graphic file (type png)
 <use sofortsuche.png>
File: sofortsuche.png Graphic file (type png)

<use sofortsuche.png> [112 <./lesezeichen-setzen.png (PNG copy)> <./portlet-fav
orites.png (PNG copy)>] [113 <./sofortsuche.png (PNG copy)>]
<portlet-suche.png, id=1488, 46.37325pt x 32.82263pt>
File: portlet-suche.png Graphic file (type png)
 <use portlet-suche.png>
File: portlet-suche.png Graphic file (type png)

<use portlet-suche.png> [114 <./portlet-suche.png (PNG copy)>]
<portlet-static.png, id=1523, 58.41824pt x 76.78688pt>
File: portlet-static.png Graphic file (type png)

<use portlet-static.png>
File: portlet-static.png Graphic file (type png)
 <use portlet-static.png> [115 <./portlet-static.png (PNG copy)>] <kupu.png, id
=1535, 171.34012pt x 92.7465pt>
File: kupu.png Graphic file (type png)
 <use kupu.png>
File: kupu.png Graphic file (type png)

<use kupu.png> [116] [117 <./kupu.png (PNG copy)>] [118]
<kupu-bild.png, id=1559, 199.34476pt x 129.18263pt>
File: kupu-bild.png Graphic file (type png)
 <use kupu-bild.png>
File: kupu-bild.png Graphic file (type png)

<use kupu-bild.png> [119 <./kupu-bild.png (PNG copy)>]
<hier-bild-hochladen.png, id=1569, 199.34476pt x 128.8815pt>
File: hier-bild-hochladen.png Graphic file (type png)

<use hier-bild-hochladen.png>
File: hier-bild-hochladen.png Graphic file (type png)
 <use hier-bild-hochladen.png>
<kupu-int.png, id=1570, 199.34476pt x 129.48375pt>
File: kupu-int.png Graphic file (type png)
 <use kupu-int.png>
File: kupu-int.png Graphic file (type png)

<use kupu-int.png> [120 <./hier-bild-hochladen.png (PNG copy)>]
<bearbeiten-wiki.png, id=1578, 168.32887pt x 48.78226pt>
File: bearbeiten-wiki.png Graphic file (type png)

<use bearbeiten-wiki.png>
File: bearbeiten-wiki.png Graphic file (type png)
 <use bearbeiten-wiki.png>
<kupu-ext.png, id=1580, 199.34476pt x 137.61412pt>
File: kupu-ext.png Graphic file (type png)
 <use kupu-ext.png>
File: kupu-ext.png Graphic file (type png)

<use kupu-ext.png> [121 <./kupu-int.png (PNG copy)> <./bearbeiten-wiki.png (PNG
 copy)>] <kupu-auf-anker-verweisen.png, id=1592, 190.61212pt x 135.20512pt>
File: kupu-auf-anker-verweisen.png Graphic file (type png)

<use kupu-auf-anker-verweisen.png>
File: kupu-auf-anker-verweisen.png Graphic file (type png)
 <use kupu-auf-anker-verweisen.png> [122 <./kupu-ext.png (PNG copy)> <./kupu-au
f-anker-verweisen.png (PNG copy)>]
<kupu-anker-verwalten.png, id=1604, 190.61212pt x 135.20512pt>
File: kupu-anker-verwalten.png Graphic file (type png)

<use kupu-anker-verwalten.png>
File: kupu-anker-verwalten.png Graphic file (type png)
 <use kupu-anker-verwalten.png>

LaTeX Warning: File `oberflaeche/images/kupu-tabelle.png' not found on input li
ne 6664.


! Package pdftex.def Error: File `oberflaeche/images/kupu-tabelle.png' not foun
d.

See the pdftex.def package documentation for explanation.
Type  H <return>  for immediate help.
 ...                                              
                                                  
l.6664 ...ics{oberflaeche/images/kupu-tabelle.png}
                                                  
? 

LaTeX Warning: File `oberflaeche/images/kupu-tabelle.png' not found on input li
ne 6664.


! Package pdftex.def Error: File `oberflaeche/images/kupu-tabelle.png' not foun
d.

See the pdftex.def package documentation for explanation.
Type  H <return>  for immediate help.
 ...                                              
                                                  
l.6664 ...ics{oberflaeche/images/kupu-tabelle.png}
                                                  
? 
[123 <./kupu-anker-verwalten.png (PNG copy)>] (./modPloneBenutzerhandbuch.ind)
(./PloneBenutzerhandbuch.ind [124] [125



]) (./PloneBenutzerhandbuch.aux) ) 
Here is how much of TeX's memory you used:
 9314 strings out of 493876
 135235 string characters out of 1150567
 195123 words of memory out of 3000000
 11570 multiletter control sequences out of 10000+50000
 57663 words of font info for 64 fonts, out of 3000000 for 5000
 715 hyphenation exceptions out of 8191
 43i,12n,45p,444b,393s stack positions out of 5000i,500n,10000p,200000b,50000s
{/usr/local/texlive/2008/texmf-dist/fonts/enc
/dvips/base/8r.enc}</usr/local/texlive/2008/texmf-dist/fonts/type1/urw/courier/
ucrr8a.pfb></usr/local/texlive/2008/texmf-dist/fonts/type1/urw/helvetic/uhvb8a.
pfb></usr/local/texlive/2008/texmf-dist/fonts/type1/urw/helvetic/uhvbo8a.pfb></
usr/local/texlive/2008/texmf-dist/fonts/type1/urw/helvetic/uhvr8a.pfb></usr/loc
al/texlive/2008/texmf-dist/fonts/type1/urw/times/utmb8a.pfb></usr/local/texlive
/2008/texmf-dist/fonts/type1/urw/times/utmr8a.pfb></usr/local/texlive/2008/texm
f-dist/fonts/type1/urw/times/utmri8a.pfb>
Output written on PloneBenutzerhandbuch.pdf (129 pages, 2152719 bytes).
PDF statistics:
 1805 PDF objects out of 2073 (max. 8388607)
 690 named destinations out of 1000 (max. 131072)
 1122 words of extra memory for PDF output out of 10000 (max. 10000000)

